[2025-07-02T23:27:53.969] [DEBUG] debug-file - jsonObjWithoutParam {"name":"entry","version":"1.0.0","description":"Please describe the basic information.","main":"","author":"","license":"","dependencies":{}} at undefined
[2025-07-02T23:27:53.970] [DEBUG] debug-file - entry : default@CollectDebugSymbol cost memory 0.097198486328125
[2025-07-02T23:27:53.970] [DEBUG] debug-file - runTaskFromQueue task cost before running: 4 s 693 ms 
[2025-07-02T23:27:53.970] [INFO] debug-file - Finished :entry:default@CollectDebugSymbol... after 2 ms 
[2025-07-02T23:27:53.970] [DEBUG] debug-file - Executing task :entry:assembleHap
[2025-07-02T23:27:53.971] [DEBUG] debug-file - entry : assembleHap cost memory 0.01329803466796875
[2025-07-02T23:27:53.971] [DEBUG] debug-file - runTaskFromQueue task cost before running: 4 s 694 ms 
[2025-07-02T23:27:53.971] [INFO] debug-file - Finished :entry:assembleHap... after 1 ms 
[2025-07-02T23:27:53.985] [DEBUG] debug-file - BUILD SUCCESSFUL in 4 s 708 ms 
[2025-07-02T23:27:53.985] [DEBUG] debug-file - There is no need to refresh cache, since the incremental task entry:default@PreBuild is up-to-date.
[2025-07-02T23:27:53.985] [DEBUG] debug-file - Update task entry:default@CreateModuleInfo output file:D:\SmartRestaurant\entry\build\default\generated\profile\default\ModuleInfo.ts cache.
[2025-07-02T23:27:53.986] [DEBUG] debug-file - Incremental task entry:default@CreateModuleInfo post-execution cost:1 ms .
[2025-07-02T23:27:53.986] [DEBUG] debug-file - There is no need to refresh cache, since the incremental task entry:default@GenerateMetadata is up-to-date.
[2025-07-02T23:27:53.986] [DEBUG] debug-file - There is no need to refresh cache, since the incremental task entry:default@MergeProfile is up-to-date.
[2025-07-02T23:27:53.986] [DEBUG] debug-file - There is no need to refresh cache, since the incremental task entry:default@CreateBuildProfile is up-to-date.
[2025-07-02T23:27:53.986] [DEBUG] debug-file - There is no need to refresh cache, since the incremental task entry:default@GeneratePkgContextInfo is up-to-date.
[2025-07-02T23:27:53.986] [DEBUG] debug-file - Update task entry:default@ProcessIntegratedHsp output file:D:\SmartRestaurant\build\cache\default\integrated_hsp\integratedHspCache.json cache.
[2025-07-02T23:27:53.987] [DEBUG] debug-file - Incremental task entry:default@ProcessIntegratedHsp post-execution cost:1 ms .
[2025-07-02T23:27:53.987] [DEBUG] debug-file - There is no need to refresh cache, since the incremental task entry:default@MakePackInfo is up-to-date.
[2025-07-02T23:27:53.987] [DEBUG] debug-file - Update task entry:default@SyscapTransform input file:D:\DevEco Studio\sdk\default\openharmony\toolchains\syscap_tool.exe cache by regenerate.
[2025-07-02T23:27:53.988] [DEBUG] debug-file - Update task entry:default@SyscapTransform input file:D:\DevEco Studio\sdk\default\openharmony\ets\api\device-define cache by regenerate.
[2025-07-02T23:27:53.992] [DEBUG] debug-file - Update task entry:default@SyscapTransform output file:D:\SmartRestaurant\entry\build\default\intermediates\syscap\default\rpcid.sc cache.
[2025-07-02T23:27:53.992] [DEBUG] debug-file - Incremental task entry:default@SyscapTransform post-execution cost:6 ms .
[2025-07-02T23:27:53.992] [DEBUG] debug-file - There is no need to refresh cache, since the incremental task entry:default@ProcessProfile is up-to-date.
[2025-07-02T23:27:53.993] [DEBUG] debug-file - There is no need to refresh cache, since the incremental task entry:default@ProcessRouterMap is up-to-date.
[2025-07-02T23:27:53.993] [DEBUG] debug-file - Update task entry:default@ProcessStartupConfig input file:D:\SmartRestaurant\entry\build\default\intermediates\loader\default\pkgContextInfo.json cache by regenerate.
[2025-07-02T23:27:53.994] [DEBUG] debug-file - Update task entry:default@ProcessStartupConfig output file:D:\SmartRestaurant\entry\build\default\intermediates\startup\default\startup_config.json cache.
[2025-07-02T23:27:53.994] [DEBUG] debug-file - Incremental task entry:default@ProcessStartupConfig post-execution cost:2 ms .
[2025-07-02T23:27:53.994] [DEBUG] debug-file - There is no need to refresh cache, since the incremental task entry:default@ProcessResource is up-to-date.
[2025-07-02T23:27:53.994] [DEBUG] debug-file - There is no need to refresh cache, since the incremental task entry:default@GenerateLoaderJson is up-to-date.
[2025-07-02T23:27:53.994] [DEBUG] debug-file - There is no need to refresh cache, since the incremental task entry:default@ProcessLibs is up-to-date.
[2025-07-02T23:27:53.994] [DEBUG] debug-file - There is no need to refresh cache, since the incremental task entry:default@CompileResource is up-to-date.
[2025-07-02T23:27:53.994] [DEBUG] debug-file - There is no need to refresh cache, since the incremental task entry:default@DoNativeStrip is up-to-date.
[2025-07-02T23:27:53.997] [DEBUG] debug-file - Update task entry:default@CompileArkTS input file:D:\SmartRestaurant\entry\build\default\intermediates\loader\default cache by regenerate.
[2025-07-02T23:27:53.999] [DEBUG] debug-file - Update task entry:default@CompileArkTS input file:D:\SmartRestaurant\entry\build\default\intermediates\res\default\resources\rawfile cache by regenerate.
[2025-07-02T23:27:54.000] [DEBUG] debug-file - Update task entry:default@CompileArkTS input file:D:\SmartRestaurant\entry\build\default\intermediates\res\default\ResourceTable.txt cache by regenerate.
[2025-07-02T23:27:54.000] [DEBUG] debug-file - Update task entry:default@CompileArkTS input file:D:\SmartRestaurant\entry\build\default\intermediates\res\default\ark_module.json cache by regenerate.
[2025-07-02T23:27:54.001] [DEBUG] debug-file - Update task entry:default@CompileArkTS input file:D:\SmartRestaurant\entry\build\default\intermediates\res\default\resources\base\profile cache by regenerate.
[2025-07-02T23:27:54.003] [DEBUG] debug-file - Update task entry:default@CompileArkTS input file:D:\SmartRestaurant\entry\src\main\ets cache from map.
[2025-07-02T23:27:54.003] [DEBUG] debug-file - Update task entry:default@CompileArkTS input file:D:\SmartRestaurant\entry\build\default\intermediates\loader\default\pkgContextInfo.json cache by regenerate.
[2025-07-02T23:27:54.004] [DEBUG] debug-file - Update task entry:default@CompileArkTS input file:D:\SmartRestaurant\entry\build\default\generated\profile\default\BuildProfile.ets cache by regenerate.
[2025-07-02T23:27:54.004] [DEBUG] debug-file - Update task entry:default@CompileArkTS input file:D:\SmartRestaurant\entry\src\mock\mock-config.json5 cache by regenerate.
[2025-07-02T23:27:54.005] [DEBUG] debug-file - Update task entry:default@CompileArkTS output file:D:\SmartRestaurant\entry\build\default\intermediates\loader_out\default\ets cache.
[2025-07-02T23:27:54.006] [DEBUG] debug-file - Incremental task entry:default@CompileArkTS post-execution cost:12 ms .
[2025-07-02T23:27:54.008] [DEBUG] debug-file - Update task entry:default@BuildJS input file:D:\SmartRestaurant\entry\build\default\intermediates\loader\default cache by regenerate.
[2025-07-02T23:27:54.010] [DEBUG] debug-file - Update task entry:default@BuildJS input file:D:\SmartRestaurant\entry\build\default\intermediates\res\default\resources\rawfile cache by regenerate.
[2025-07-02T23:27:54.011] [DEBUG] debug-file - Update task entry:default@BuildJS input file:D:\SmartRestaurant\entry\build\default\intermediates\res\default\ResourceTable.txt cache by regenerate.
[2025-07-02T23:27:54.011] [DEBUG] debug-file - Update task entry:default@BuildJS input file:D:\SmartRestaurant\entry\build\default\intermediates\res\default\ark_module.json cache by regenerate.
[2025-07-02T23:27:54.012] [DEBUG] debug-file - Update task entry:default@BuildJS input file:D:\SmartRestaurant\entry\build\default\intermediates\res\default\resources\base\profile cache by regenerate.
[2025-07-02T23:27:54.013] [DEBUG] debug-file - Update task entry:default@BuildJS input file:D:\SmartRestaurant\entry\build\default\intermediates\loader\default\pkgContextInfo.json cache by regenerate.
[2025-07-02T23:27:54.014] [DEBUG] debug-file - Update task entry:default@BuildJS output file:D:\SmartRestaurant\entry\build\default\intermediates\loader_out\default\js cache.
[2025-07-02T23:27:54.014] [DEBUG] debug-file - Incremental task entry:default@BuildJS post-execution cost:8 ms .
[2025-07-02T23:27:54.014] [DEBUG] debug-file - There is no need to refresh cache, since the incremental task entry:default@CacheNativeLibs is up-to-date.
[2025-07-02T23:27:54.014] [DEBUG] debug-file - There is no need to refresh cache, since the incremental task entry:default@GeneratePkgModuleJson is up-to-date.
[2025-07-02T23:27:54.016] [DEBUG] debug-file - Update task entry:default@PackageHap input file:D:\SmartRestaurant\entry\build\default\intermediates\stripped_native_libs\default cache by regenerate.
[2025-07-02T23:27:54.017] [DEBUG] debug-file - Update task entry:default@PackageHap input file:D:\SmartRestaurant\entry\build\default\intermediates\res\default\module.json cache by regenerate.
[2025-07-02T23:27:54.018] [DEBUG] debug-file - Update task entry:default@PackageHap input file:D:\SmartRestaurant\entry\build\default\intermediates\res\default\resources cache by regenerate.
[2025-07-02T23:27:54.032] [DEBUG] debug-file - Update task entry:default@PackageHap input file:D:\SmartRestaurant\entry\build\default\intermediates\res\default\resources.index cache by regenerate.
[2025-07-02T23:27:54.033] [DEBUG] debug-file - Update task entry:default@PackageHap input file:D:\SmartRestaurant\entry\build\default\outputs\default\pack.info cache by regenerate.
[2025-07-02T23:27:54.034] [DEBUG] debug-file - Update task entry:default@PackageHap input file:D:\SmartRestaurant\entry\build\default\intermediates\loader_out\default\ets cache from map.
[2025-07-02T23:27:54.034] [DEBUG] debug-file - Update task entry:default@PackageHap input file:D:\SmartRestaurant\entry\build\default\intermediates\loader\default\pkgContextInfo.json cache by regenerate.
[2025-07-02T23:27:54.034] [DEBUG] debug-file - Update task entry:default@PackageHap input file:D:\SmartRestaurant\entry\build\default\intermediates\loader_out\default\ets\sourceMaps.map cache by regenerate.
[2025-07-02T23:27:54.035] [DEBUG] debug-file - Update task entry:default@PackageHap input file:D:\SmartRestaurant\entry\build\default\generated\profile\default\BuildProfile.ets cache by regenerate.
[2025-07-02T23:27:54.036] [DEBUG] debug-file - Update task entry:default@PackageHap output file:D:\SmartRestaurant\entry\build\default\outputs\default\entry-default-unsigned.hap cache.
[2025-07-02T23:27:54.037] [DEBUG] debug-file - Update task entry:default@PackageHap output file:D:\SmartRestaurant\entry\build\default\intermediates\source_map\default\sourceMaps.map cache.
[2025-07-02T23:27:54.037] [DEBUG] debug-file - Update task entry:default@PackageHap output file:D:\SmartRestaurant\entry\build\default\outputs\default\mapping\sourceMaps.map cache.
[2025-07-02T23:27:54.038] [DEBUG] debug-file - Incremental task entry:default@PackageHap post-execution cost:24 ms .
[2025-07-02T23:27:54.038] [DEBUG] debug-file - Update task entry:default@SignHap input file:D:\SmartRestaurant\entry\build\default\outputs\default\entry-default-unsigned.hap cache from map.
[2025-07-02T23:27:54.038] [DEBUG] debug-file - Update task entry:default@SignHap output file:D:\SmartRestaurant\entry\build\default\outputs\default\entry-default-signed.hap cache.
[2025-07-02T23:27:54.039] [DEBUG] debug-file - Incremental task entry:default@SignHap post-execution cost:1 ms .
[2025-07-02T23:27:54.040] [DEBUG] debug-file - Update task entry:default@CollectDebugSymbol input file:D:\SmartRestaurant\entry\build\default\intermediates\loader_out\default\ets\sourceMaps.map cache by regenerate.
[2025-07-02T23:27:54.040] [DEBUG] debug-file - Update task entry:default@CollectDebugSymbol input file:D:\SmartRestaurant\entry\build\default\intermediates\libs\default cache by regenerate.
[2025-07-02T23:27:54.041] [DEBUG] debug-file - Update task entry:default@CollectDebugSymbol output file:D:\SmartRestaurant\entry\build\default\outputs\default\symbol cache.
[2025-07-02T23:27:54.042] [DEBUG] debug-file - Incremental task entry:default@CollectDebugSymbol post-execution cost:4 ms .
[2025-07-02T23:27:54.085] [DEBUG] debug-file - Cleanup worker 14.
[2025-07-02T23:27:54.085] [DEBUG] debug-file - Worker 14 has been cleaned up.
[2025-07-02T23:27:54.086] [DEBUG] debug-file - Current idle worker size: 1.
[2025-07-02T23:27:54.086] [DEBUG] debug-file - Current resident worker size: 2.
[2025-07-02T23:27:54.087] [DEBUG] debug-file - hvigor build process will be closed.
[2025-07-02T23:27:54.104] [DEBUG] debug-file - session manager: send message to worker process.
[2025-07-02T23:27:54.105] [DEBUG] debug-file - session manager: send message to worker process.
[2025-07-02T23:27:54.102] [DEBUG] debug-file - worker[14] exits with exit code 1.
[2025-07-02T23:27:54.105] [DEBUG] debug-file - watch worker: worker id should be larger than 0. Nothing will be sent to any worker thread.
[2025-07-02T23:27:54.107] [DEBUG] debug-file - watch worker: worker id should be larger than 0. Nothing will be sent to any worker thread.
